<?xml version='1.0' encoding='UTF-8' ?>
<testsuite name="com.example.dogglers.ButtonTests" tests="19" failures="0" errors="0" skipped="0" time="24.42" timestamp="2023-08-16T14:12:57" hostname="localhost">
  <properties>
    <property name="device" value="ELE-L04 - 10" />
    <property name="flavor" value="" />
    <property name="project" value=":app" />
  </properties>
  <testcase name="grid_list_button_is_displayed" classname="com.example.dogglers.ButtonTests" time="0.706" />
  <testcase name="clicking_horizontal_list_button_displays_horizontal_list" classname="com.example.dogglers.ButtonTests" time="0.857" />
  <testcase name="clicking_grid_list_button_displays_grid_list" classname="com.example.dogglers.ButtonTests" time="0.874" />
  <testcase name="clicking_vertical_list_button_displays_vertical_list" classname="com.example.dogglers.ButtonTests" time="0.993" />
  <testcase name="horizontal_list_button_is_displayed" classname="com.example.dogglers.ButtonTests" time="0.456" />
  <testcase name="vertical_list_button_is_displayed" classname="com.example.dogglers.ButtonTests" time="0.336" />
  <testcase name="recycler_view_item_count" classname="com.example.dogglers.GridListTests" time="0.508" />
  <testcase name="grid_list_content_on_first_page" classname="com.example.dogglers.GridListTests" time="0.505" />
  <testcase name="vertical_scrolling" classname="com.example.dogglers.GridListTests" time="1.328" />
  <testcase name="grid_list_content_at_last_position" classname="com.example.dogglers.GridListTests" time="0.422" />
  <testcase name="grid_list_content_at_first_position" classname="com.example.dogglers.GridListTests" time="0.605" />
  <testcase name="recycler_view_item_count" classname="com.example.dogglers.HorizontalListTests" time="0.505" />
  <testcase name="horizontal_scrolling" classname="com.example.dogglers.HorizontalListTests" time="2.179" />
  <testcase name="horizontal_scroll_content_at_last_position" classname="com.example.dogglers.HorizontalListTests" time="0.394" />
  <testcase name="horizontal_scroll_content_at_first_position" classname="com.example.dogglers.HorizontalListTests" time="0.547" />
  <testcase name="recycler_view_item_count" classname="com.example.dogglers.VerticalListTests" time="0.367" />
  <testcase name="vertical_scroll_content_at_last_position" classname="com.example.dogglers.VerticalListTests" time="0.425" />
  <testcase name="vertical_scrolling" classname="com.example.dogglers.VerticalListTests" time="1.601" />
  <testcase name="vertical_scroll_content_at_first_position" classname="com.example.dogglers.VerticalListTests" time="0.601" />
</testsuite>